[accadministration.co.site/index.html]
[backblue.gif]
[fade.gif]
[index.html]
[assets.co.site/styles/bootstrap.min.css]
[assets.co.site/styles/core512a.css]
[assets.co.site/styles/beauty_store512a.css]
[assets.co.site/images/textured-bg-1.jpg]
[assets.co.site/images/textured-bg-2.jpg]
[assets.co.site/js/contact-form.js]
[assets.co.site/js/helpers.js]
[assets.co.site/js/slider/lib.js]
[assets.co.site/js/slider/init.js]
[assets.co.site/js/animate-on-scroll.min.js]
[cdnjs.cloudflare.com/ajax/libs/UAParser.js/0.7.20/ua-parser.min.js]
[assets.co.site/js/script.js]
[assets.co.site/js/site.js]
[accadministration.co.site/index.html]
[assets.co.site/js/heatmap.js]
[assets.co.site/styles/bootstrap.min.css]
[assets.co.site/styles/keen-slider.min.css]
[assets.co.site/styles/core512a.css]
[static.flock.co/neo/site_builder/images/common/textured_bg_2.jpg]
[assets.co.site/styles/beauty_store512a.css]
